<?xml version="1.0" encoding="UTF-8"?>
<!-- Generated by org.testng.reporters.JUnitReportReporter -->
<testsuite hostname="DESKTOP-THPAN6E" failures="0" tests="1" name="Repository_java.Repository_javaPrgms.ReverseString" time="0.011" errors="0" timestamp="2021-09-18T13:30:50 CDT" skipped="0">
  <testcase classname="Repository_java.Repository_javaPrgms.ReverseString" name="testCase1" time="0.011"/>
  <system-out/>
</testsuite> <!-- Repository_java.Repository_javaPrgms.ReverseString -->
