<?xml version="1.0" encoding="UTF-8"?>
<!-- Generated by org.testng.reporters.JUnitReportReporter -->
<testsuite hostname="DESKTOP-THPAN6E" failures="0" tests="2" name="Repository_java.Repository_javaPrgms.CheckNumPrimeOrNot" time="0.012" errors="0" timestamp="2021-09-19T08:21:32 CDT" skipped="0">
  <testcase classname="Repository_java.Repository_javaPrgms.CheckNumPrimeOrNot" name="testCase1" time="0.010"/>
  <system-out/>
  <testcase classname="Repository_java.Repository_javaPrgms.CheckNumPrimeOrNot" name="testCase2" time="0.002"/>
  <system-out/>
</testsuite> <!-- Repository_java.Repository_javaPrgms.CheckNumPrimeOrNot -->
