<?xml version="1.0" encoding="UTF-8"?>
<!-- Generated by org.testng.reporters.JUnitReportReporter -->
<testsuite hostname="DESKTOP-THPAN6E" failures="0" tests="1" name="Repository_java.Repository_javaPrgms.ProductDigitsOfNum" time="0.013" errors="0" timestamp="2021-09-18T18:19:54 CDT" skipped="0">
  <testcase classname="Repository_java.Repository_javaPrgms.ProductDigitsOfNum" name="testCase1" time="0.013"/>
  <system-out/>
</testsuite> <!-- Repository_java.Repository_javaPrgms.ProductDigitsOfNum -->
