<?xml version="1.0" encoding="UTF-8"?>
<!-- Generated by org.testng.reporters.JUnitReportReporter -->
<testsuite hostname="DESKTOP-THPAN6E" failures="0" tests="2" name="Repository_java.Repository_javaPrgms.CountPalidromeWords" time="0.012" errors="0" timestamp="2021-09-20T23:42:48 CDT" skipped="0">
  <testcase classname="Repository_java.Repository_javaPrgms.CountPalidromeWords" name="testCase1" time="0.011"/>
  <system-out/>
  <testcase classname="Repository_java.Repository_javaPrgms.CountPalidromeWords" name="testCase2" time="0.001"/>
  <system-out/>
</testsuite> <!-- Repository_java.Repository_javaPrgms.CountPalidromeWords -->
