<?xml version="1.0" encoding="UTF-8"?>
<!-- Generated by org.testng.reporters.JUnitReportReporter -->
<testsuite hostname="DESKTOP-THPAN6E" failures="0" tests="1" name="Repository_java.Repository_javaPrgms.RemoveDuplicatesUsing_Sets" time="0.009" errors="0" timestamp="2021-09-18T16:43:48 CDT" skipped="0">
  <testcase classname="Repository_java.Repository_javaPrgms.RemoveDuplicatesUsing_Sets" name="testCase1" time="0.009"/>
  <system-out/>
</testsuite> <!-- Repository_java.Repository_javaPrgms.RemoveDuplicatesUsing_Sets -->
