<?xml version="1.0" encoding="UTF-8"?>
<!-- Generated by org.testng.reporters.JUnitReportReporter -->
<testsuite hostname="DESKTOP-THPAN6E" failures="0" tests="3" name="Repository_java.Repository_javaPrgms.SumEvenGreaterOdd" time="0.017" errors="0" timestamp="2021-09-18T18:37:51 CDT" skipped="0">
  <testcase classname="Repository_java.Repository_javaPrgms.SumEvenGreaterOdd" name="testCase2" time="0.003"/>
  <system-out/>
  <testcase classname="Repository_java.Repository_javaPrgms.SumEvenGreaterOdd" name="testCase1" time="0.013"/>
  <system-out/>
  <testcase classname="Repository_java.Repository_javaPrgms.SumEvenGreaterOdd" name="testCase3" time="0.001"/>
  <system-out/>
</testsuite> <!-- Repository_java.Repository_javaPrgms.SumEvenGreaterOdd -->
